This is pdfTeX, Version 3.14159265-2.6-1.40.16 (TeX Live 2015) (preloaded format=pdflatex 2015.5.24)  15 NOV 2017 11:36
entering extended mode
 restricted \write18 enabled.
 %&-line parsing enabled.
**nsfcv-tom
(./nsfcv-tom.tex
LaTeX2e <2015/01/01>
Babel <3.9l> and hyphenation patterns for 79 languages loaded.
(/usr/local/texlive/2015/texmf-dist/tex/latex/base/article.cls
Document Class: article 2014/09/29 v1.4h Standard LaTeX document class
(/usr/local/texlive/2015/texmf-dist/tex/latex/base/size10.clo
File: size10.clo 2014/09/29 v1.4h Standard LaTeX file (size option)
)
\c@part=\count79
\c@section=\count80
\c@subsection=\count81
\c@subsubsection=\count82
\c@paragraph=\count83
\c@subparagraph=\count84
\c@figure=\count85
\c@table=\count86
\abovecaptionskip=\skip41
\belowcaptionskip=\skip42
\bibindent=\dimen102
)
\headwidth=\skip43
\sepwidth=\skip44
\itemwidth=\skip45
\jobindent=\skip46
\jobwidth=\skip47

(./nsfcv-tom.aux)
\openout1 = `nsfcv-tom.aux'.

LaTeX Font Info:    Checking defaults for OML/cmm/m/it on input line 53.
LaTeX Font Info:    ... okay on input line 53.
LaTeX Font Info:    Checking defaults for T1/cmr/m/n on input line 53.
LaTeX Font Info:    ... okay on input line 53.
LaTeX Font Info:    Checking defaults for OT1/cmr/m/n on input line 53.
LaTeX Font Info:    ... okay on input line 53.
LaTeX Font Info:    Checking defaults for OMS/cmsy/m/n on input line 53.
LaTeX Font Info:    ... okay on input line 53.
LaTeX Font Info:    Checking defaults for OMX/cmex/m/n on input line 53.
LaTeX Font Info:    ... okay on input line 53.
LaTeX Font Info:    Checking defaults for U/cmr/m/n on input line 53.
LaTeX Font Info:    ... okay on input line 53.
LaTeX Font Info:    External font `cmex10' loaded for size
(Font)              <7> on input line 91.
LaTeX Font Info:    External font `cmex10' loaded for size
(Font)              <5> on input line 91.

Overfull \hbox (16.15082pt too wide) in paragraph at lines 91--91
[]  
 []


Underfull \hbox (badness 10000) in paragraph at lines 122--122
[]\OT1/cmr/bx/n/10 Professional
 []


Underfull \hbox (badness 10000) in paragraph at lines 122--122

 []


Overfull \hbox (9.13887pt too wide) in paragraph at lines 138--138
[]\OT1/cmr/bx/n/10 Appointments 
 []

[1

{/usr/local/texlive/2015/texmf-var/fonts/map/pdftex/updmap/pdftex.map}]
Underfull \hbox (badness 10000) in paragraph at lines 255--255
[]\OT1/cmr/bx/n/10 Synergistic
 []

[2] (./nsfcv-tom.aux) ) 
Here is how much of TeX's memory you used:
 232 strings out of 493089
 2453 string characters out of 6134842
 60199 words of memory out of 5000000
 3797 multiletter control sequences out of 15000+600000
 5067 words of font info for 19 fonts, out of 8000000 for 9000
 1142 hyphenation exceptions out of 8191
 25i,10n,26p,354b,199s stack positions out of 5000i,500n,10000p,200000b,80000s
</usr/local/texlive/2015/texmf-dist/fonts/type1/public/a
msfonts/cm/cmbx10.pfb></usr/local/texlive/2015/texmf-dist/fonts/type1/public/am
sfonts/cm/cmbx12.pfb></usr/local/texlive/2015/texmf-dist/fonts/type1/public/ams
fonts/cm/cmr10.pfb></usr/local/texlive/2015/texmf-dist/fonts/type1/public/amsfo
nts/cm/cmti10.pfb></usr/local/texlive/2015/texmf-dist/fonts/type1/public/amsfon
ts/cm/cmtt10.pfb>
Output written on nsfcv-tom.pdf (2 pages, 86055 bytes).
PDF statistics:
 31 PDF objects out of 1000 (max. 8388607)
 21 compressed objects within 1 object stream
 0 named destinations out of 1000 (max. 500000)
 1 words of extra memory for PDF output out of 10000 (max. 10000000)

